{"total": {"lines":{"total":1128,"covered":24,"skipped":0,"pct":2.13},"statements":{"total":1157,"covered":24,"skipped":0,"pct":2.07},"functions":{"total":263,"covered":1,"skipped":0,"pct":0.38},"branches":{"total":783,"covered":5,"skipped":0,"pct":0.64}}
,"/Users/denjell/git/quasar-ui-qcalendar/ui/src/index.js": {"lines":{"total":1,"covered":0,"skipped":0,"pct":0},"functions":{"total":1,"covered":0,"skipped":0,"pct":0},"statements":{"total":1,"covered":0,"skipped":0,"pct":0},"branches":{"total":0,"covered":0,"skipped":0,"pct":100}}
,"/Users/denjell/git/quasar-ui-qcalendar/ui/src/components/QCalendar.js": {"lines":{"total":141,"covered":0,"skipped":0,"pct":0},"functions":{"total":14,"covered":0,"skipped":0,"pct":0},"statements":{"total":142,"covered":0,"skipped":0,"pct":0},"branches":{"total":144,"covered":0,"skipped":0,"pct":0}}
,"/Users/denjell/git/quasar-ui-qcalendar/ui/src/components/QCalendarAgenda.js": {"lines":{"total":28,"covered":0,"skipped":0,"pct":0},"functions":{"total":9,"covered":0,"skipped":0,"pct":0},"statements":{"total":28,"covered":0,"skipped":0,"pct":0},"branches":{"total":18,"covered":0,"skipped":0,"pct":0}}
,"/Users/denjell/git/quasar-ui-qcalendar/ui/src/components/QCalendarDaily.js": {"lines":{"total":159,"covered":0,"skipped":0,"pct":0},"functions":{"total":44,"covered":0,"skipped":0,"pct":0},"statements":{"total":163,"covered":0,"skipped":0,"pct":0},"branches":{"total":110,"covered":0,"skipped":0,"pct":0}}
,"/Users/denjell/git/quasar-ui-qcalendar/ui/src/components/QCalendarMonthly.js": {"lines":{"total":2,"covered":0,"skipped":0,"pct":0},"functions":{"total":2,"covered":0,"skipped":0,"pct":0},"statements":{"total":2,"covered":0,"skipped":0,"pct":0},"branches":{"total":0,"covered":0,"skipped":0,"pct":100}}
,"/Users/denjell/git/quasar-ui-qcalendar/ui/src/components/QCalendarScheduler.js": {"lines":{"total":169,"covered":0,"skipped":0,"pct":0},"functions":{"total":46,"covered":0,"skipped":0,"pct":0},"statements":{"total":173,"covered":0,"skipped":0,"pct":0},"branches":{"total":116,"covered":0,"skipped":0,"pct":0}}
,"/Users/denjell/git/quasar-ui-qcalendar/ui/src/components/QCalendarWeekly.js": {"lines":{"total":152,"covered":0,"skipped":0,"pct":0},"functions":{"total":31,"covered":0,"skipped":0,"pct":0},"statements":{"total":156,"covered":0,"skipped":0,"pct":0},"branches":{"total":138,"covered":0,"skipped":0,"pct":0}}
,"/Users/denjell/git/quasar-ui-qcalendar/ui/src/components/index.js": {"lines":{"total":0,"covered":0,"skipped":0,"pct":100},"functions":{"total":0,"covered":0,"skipped":0,"pct":100},"statements":{"total":0,"covered":0,"skipped":0,"pct":100},"branches":{"total":0,"covered":0,"skipped":0,"pct":100}}
,"/Users/denjell/git/quasar-ui-qcalendar/ui/src/directives/resize.js": {"lines":{"total":10,"covered":0,"skipped":0,"pct":0},"functions":{"total":2,"covered":0,"skipped":0,"pct":0},"statements":{"total":11,"covered":0,"skipped":0,"pct":0},"branches":{"total":8,"covered":0,"skipped":0,"pct":0}}
,"/Users/denjell/git/quasar-ui-qcalendar/ui/src/mixins/calendar-base.js": {"lines":{"total":17,"covered":0,"skipped":0,"pct":0},"functions":{"total":14,"covered":0,"skipped":0,"pct":0},"statements":{"total":17,"covered":0,"skipped":0,"pct":0},"branches":{"total":3,"covered":0,"skipped":0,"pct":0}}
,"/Users/denjell/git/quasar-ui-qcalendar/ui/src/mixins/calendar-intervals.js": {"lines":{"total":60,"covered":0,"skipped":0,"pct":0},"functions":{"total":18,"covered":0,"skipped":0,"pct":0},"statements":{"total":62,"covered":0,"skipped":0,"pct":0},"branches":{"total":31,"covered":0,"skipped":0,"pct":0}}
,"/Users/denjell/git/quasar-ui-qcalendar/ui/src/mixins/calendar-scheduler.js": {"lines":{"total":16,"covered":0,"skipped":0,"pct":0},"functions":{"total":7,"covered":0,"skipped":0,"pct":0},"statements":{"total":16,"covered":0,"skipped":0,"pct":0},"branches":{"total":8,"covered":0,"skipped":0,"pct":0}}
,"/Users/denjell/git/quasar-ui-qcalendar/ui/src/mixins/mouse.js": {"lines":{"total":22,"covered":0,"skipped":0,"pct":0},"functions":{"total":3,"covered":0,"skipped":0,"pct":0},"statements":{"total":23,"covered":0,"skipped":0,"pct":0},"branches":{"total":21,"covered":0,"skipped":0,"pct":0}}
,"/Users/denjell/git/quasar-ui-qcalendar/ui/src/mixins/times.js": {"lines":{"total":23,"covered":0,"skipped":0,"pct":0},"functions":{"total":9,"covered":0,"skipped":0,"pct":0},"statements":{"total":23,"covered":0,"skipped":0,"pct":0},"branches":{"total":10,"covered":0,"skipped":0,"pct":0}}
,"/Users/denjell/git/quasar-ui-qcalendar/ui/src/utils/helpers.js": {"lines":{"total":9,"covered":0,"skipped":0,"pct":0},"functions":{"total":2,"covered":0,"skipped":0,"pct":0},"statements":{"total":10,"covered":0,"skipped":0,"pct":0},"branches":{"total":9,"covered":0,"skipped":0,"pct":0}}
,"/Users/denjell/git/quasar-ui-qcalendar/ui/src/utils/props.js": {"lines":{"total":8,"covered":0,"skipped":0,"pct":0},"functions":{"total":8,"covered":0,"skipped":0,"pct":0},"statements":{"total":8,"covered":0,"skipped":0,"pct":0},"branches":{"total":8,"covered":0,"skipped":0,"pct":0}}
,"/Users/denjell/git/quasar-ui-qcalendar/ui/src/utils/timestamp.js": {"lines":{"total":310,"covered":24,"skipped":0,"pct":7.74},"functions":{"total":52,"covered":1,"skipped":0,"pct":1.92},"statements":{"total":321,"covered":24,"skipped":0,"pct":7.48},"branches":{"total":159,"covered":5,"skipped":0,"pct":3.14}}
,"/Users/denjell/git/quasar-ui-qcalendar/ui/src/utils/views.js": {"lines":{"total":1,"covered":0,"skipped":0,"pct":0},"functions":{"total":1,"covered":0,"skipped":0,"pct":0},"statements":{"total":1,"covered":0,"skipped":0,"pct":0},"branches":{"total":0,"covered":0,"skipped":0,"pct":100}}
}
