TN:
SF:/Users/denjell/git/quasar-ui-qcalendar/ui/src/index.js
FN:215,(anonymous_0)
FNF:1
FNH:0
FNDA:0,(anonymous_0)
DA:216,0
LF:1
LH:0
BRF:0
BRH:0
end_of_record
TN:
SF:/Users/denjell/git/quasar-ui-qcalendar/ui/src/components/QCalendar.js
FN:44,(anonymous_0)
FN:50,(anonymous_1)
FN:56,(anonymous_2)
FN:157,(anonymous_3)
FN:168,(anonymous_4)
FN:176,(anonymous_5)
FN:249,(anonymous_6)
FN:253,(anonymous_7)
FN:257,(anonymous_8)
FN:266,(anonymous_9)
FN:275,(anonymous_10)
FN:284,(anonymous_11)
FN:289,(anonymous_12)
FN:303,(anonymous_13)
FNF:14
FNH:0
FNDA:0,(anonymous_0)
FNDA:0,(anonymous_1)
FNDA:0,(anonymous_2)
FNDA:0,(anonymous_3)
FNDA:0,(anonymous_4)
FNDA:0,(anonymous_5)
FNDA:0,(anonymous_6)
FNDA:0,(anonymous_7)
FNDA:0,(anonymous_8)
FNDA:0,(anonymous_9)
FNDA:0,(anonymous_10)
FNDA:0,(anonymous_11)
FNDA:0,(anonymous_12)
FNDA:0,(anonymous_13)
DA:44,0
DA:51,0
DA:57,0
DA:58,0
DA:59,0
DA:60,0
DA:61,0
DA:62,0
DA:64,0
DA:65,0
DA:66,0
DA:67,0
DA:71,0
DA:72,0
DA:73,0
DA:74,0
DA:75,0
DA:79,0
DA:80,0
DA:81,0
DA:82,0
DA:83,0
DA:87,0
DA:88,0
DA:89,0
DA:90,0
DA:91,0
DA:95,0
DA:96,0
DA:97,0
DA:98,0
DA:99,0
DA:103,0
DA:104,0
DA:105,0
DA:106,0
DA:107,0
DA:111,0
DA:112,0
DA:113,0
DA:114,0
DA:115,0
DA:119,0
DA:120,0
DA:121,0
DA:122,0
DA:123,0
DA:127,0
DA:128,0
DA:129,0
DA:130,0
DA:133,0
DA:134,0
DA:135,0
DA:136,0
DA:140,0
DA:141,0
DA:142,0
DA:143,0
DA:144,0
DA:145,0
DA:148,0
DA:158,0
DA:159,0
DA:160,0
DA:161,0
DA:162,0
DA:163,0
DA:165,0
DA:169,0
DA:170,0
DA:171,0
DA:172,0
DA:173,0
DA:174,0
DA:175,0
DA:176,0
DA:178,0
DA:179,0
DA:181,0
DA:182,0
DA:183,0
DA:187,0
DA:188,0
DA:192,0
DA:193,0
DA:194,0
DA:198,0
DA:199,0
DA:200,0
DA:204,0
DA:205,0
DA:206,0
DA:210,0
DA:211,0
DA:212,0
DA:216,0
DA:217,0
DA:218,0
DA:222,0
DA:223,0
DA:224,0
DA:229,0
DA:230,0
DA:234,0
DA:235,0
DA:236,0
DA:240,0
DA:241,0
DA:242,0
DA:243,0
DA:245,0
DA:246,0
DA:250,0
DA:254,0
DA:258,0
DA:259,0
DA:260,0
DA:262,0
DA:267,0
DA:268,0
DA:269,0
DA:271,0
DA:276,0
DA:277,0
DA:278,0
DA:280,0
DA:285,0
DA:290,0
DA:292,0
DA:304,0
DA:305,0
DA:306,0
DA:307,0
DA:308,0
DA:311,0
DA:312,0
DA:319,0
DA:320,0
DA:321,0
DA:330,0
LF:141
LH:0
BRDA:51,0,0,0
BRDA:51,0,1,0
BRDA:51,0,2,0
BRDA:62,1,0,0
BRDA:62,1,1,0
BRDA:62,1,2,0
BRDA:62,1,3,0
BRDA:62,1,4,0
BRDA:62,1,5,0
BRDA:62,1,6,0
BRDA:62,1,7,0
BRDA:62,1,8,0
BRDA:62,1,9,0
BRDA:62,1,10,0
BRDA:62,1,11,0
BRDA:62,1,12,0
BRDA:62,1,13,0
BRDA:62,1,14,0
BRDA:62,1,15,0
BRDA:62,1,16,0
BRDA:62,1,17,0
BRDA:62,1,18,0
BRDA:62,1,19,0
BRDA:62,1,20,0
BRDA:62,1,21,0
BRDA:62,1,22,0
BRDA:62,1,23,0
BRDA:62,1,24,0
BRDA:62,1,25,0
BRDA:62,1,26,0
BRDA:62,1,27,0
BRDA:62,1,28,0
BRDA:62,1,29,0
BRDA:71,2,0,0
BRDA:71,2,1,0
BRDA:71,3,0,0
BRDA:71,3,1,0
BRDA:79,4,0,0
BRDA:79,4,1,0
BRDA:79,5,0,0
BRDA:79,5,1,0
BRDA:87,6,0,0
BRDA:87,6,1,0
BRDA:87,7,0,0
BRDA:87,7,1,0
BRDA:95,8,0,0
BRDA:95,8,1,0
BRDA:95,9,0,0
BRDA:95,9,1,0
BRDA:103,10,0,0
BRDA:103,10,1,0
BRDA:103,11,0,0
BRDA:103,11,1,0
BRDA:111,12,0,0
BRDA:111,12,1,0
BRDA:111,13,0,0
BRDA:111,13,1,0
BRDA:119,14,0,0
BRDA:119,14,1,0
BRDA:119,15,0,0
BRDA:119,15,1,0
BRDA:127,16,0,0
BRDA:127,16,1,0
BRDA:127,17,0,0
BRDA:127,17,1,0
BRDA:133,18,0,0
BRDA:133,18,1,0
BRDA:140,19,0,0
BRDA:140,19,1,0
BRDA:140,20,0,0
BRDA:140,20,1,0
BRDA:160,21,0,0
BRDA:160,21,1,0
BRDA:160,22,0,0
BRDA:160,22,1,0
BRDA:160,22,2,0
BRDA:160,22,3,0
BRDA:168,23,0,0
BRDA:171,24,0,0
BRDA:171,24,1,0
BRDA:172,25,0,0
BRDA:172,25,1,0
BRDA:173,26,0,0
BRDA:173,26,1,0
BRDA:174,27,0,0
BRDA:174,27,1,0
BRDA:179,28,0,0
BRDA:179,28,1,0
BRDA:179,28,2,0
BRDA:179,28,3,0
BRDA:179,28,4,0
BRDA:179,28,5,0
BRDA:179,28,6,0
BRDA:179,28,7,0
BRDA:179,28,8,0
BRDA:179,28,9,0
BRDA:179,28,10,0
BRDA:179,28,11,0
BRDA:179,28,12,0
BRDA:179,28,13,0
BRDA:179,28,14,0
BRDA:179,28,15,0
BRDA:179,28,16,0
BRDA:179,28,17,0
BRDA:179,28,18,0
BRDA:179,28,19,0
BRDA:179,28,20,0
BRDA:179,28,21,0
BRDA:179,28,22,0
BRDA:179,28,23,0
BRDA:179,28,24,0
BRDA:179,28,25,0
BRDA:179,28,26,0
BRDA:179,28,27,0
BRDA:179,28,28,0
BRDA:249,29,0,0
BRDA:253,30,0,0
BRDA:257,31,0,0
BRDA:259,32,0,0
BRDA:259,32,1,0
BRDA:259,33,0,0
BRDA:259,33,1,0
BRDA:268,34,0,0
BRDA:268,34,1,0
BRDA:268,35,0,0
BRDA:268,35,1,0
BRDA:277,36,0,0
BRDA:277,36,1,0
BRDA:277,37,0,0
BRDA:277,37,1,0
BRDA:304,38,0,0
BRDA:304,38,1,0
BRDA:305,39,0,0
BRDA:305,39,1,0
BRDA:307,40,0,0
BRDA:307,40,1,0
BRDA:307,41,0,0
BRDA:307,41,1,0
BRDA:311,42,0,0
BRDA:311,42,1,0
BRDA:319,43,0,0
BRDA:319,43,1,0
BRDA:320,44,0,0
BRDA:320,44,1,0
BRF:144
BRH:0
end_of_record
TN:
SF:/Users/denjell/git/quasar-ui-qcalendar/ui/src/components/QCalendarAgenda.js
FN:12,(anonymous_0)
FN:23,(anonymous_1)
FN:35,(anonymous_2)
FN:39,(anonymous_3)
FN:43,(anonymous_4)
FN:77,(anonymous_5)
FN:82,(anonymous_6)
FN:88,(anonymous_7)
FN:98,(anonymous_8)
FNF:9
FNH:0
FNDA:0,(anonymous_0)
FNDA:0,(anonymous_1)
FNDA:0,(anonymous_2)
FNDA:0,(anonymous_3)
FNDA:0,(anonymous_4)
FNDA:0,(anonymous_5)
FNDA:0,(anonymous_6)
FNDA:0,(anonymous_7)
FNDA:0,(anonymous_8)
DA:13,0
DA:24,0
DA:36,0
DA:40,0
DA:44,0
DA:45,0
DA:46,0
DA:49,0
DA:50,0
DA:51,0
DA:52,0
DA:53,0
DA:54,0
DA:55,0
DA:56,0
DA:57,0
DA:58,0
DA:59,0
DA:60,0
DA:62,0
DA:63,0
DA:66,0
DA:78,0
DA:79,0
DA:83,0
DA:84,0
DA:89,0
DA:99,0
LF:28
LH:0
BRDA:51,0,0,0
BRDA:51,0,1,0
BRDA:52,1,0,0
BRDA:52,1,1,0
BRDA:55,2,0,0
BRDA:55,2,1,0
BRDA:58,3,0,0
BRDA:58,3,1,0
BRDA:67,4,0,0
BRDA:67,4,1,0
BRDA:78,5,0,0
BRDA:78,5,1,0
BRDA:83,6,0,0
BRDA:83,6,1,0
BRDA:93,7,0,0
BRDA:93,7,1,0
BRDA:107,8,0,0
BRDA:107,8,1,0
BRF:18
BRH:0
end_of_record
TN:
SF:/Users/denjell/git/quasar-ui-qcalendar/ui/src/components/QCalendarDaily.js
FN:23,(anonymous_0)
FN:30,(anonymous_1)
FN:37,(anonymous_2)
FN:42,(anonymous_3)
FN:52,(anonymous_4)
FN:56,(anonymous_5)
FN:60,(anonymous_6)
FN:67,(anonymous_7)
FN:79,(anonymous_8)
FN:98,(anonymous_9)
FN:102,(anonymous_10)
FN:103,(anonymous_11)
FN:105,(anonymous_12)
FN:109,(anonymous_13)
FN:143,(anonymous_14)
FN:148,(anonymous_15)
FN:154,(anonymous_16)
FN:166,(anonymous_17)
FN:193,(anonymous_18)
FN:199,(anonymous_19)
FN:235,(anonymous_20)
FN:239,(anonymous_21)
FN:250,(anonymous_22)
FN:261,(anonymous_23)
FN:269,(anonymous_24)
FN:282,(anonymous_25)
FN:294,(anonymous_26)
FN:305,(anonymous_27)
FN:308,(anonymous_28)
FN:309,(anonymous_29)
FN:311,(anonymous_30)
FN:315,(anonymous_31)
FN:344,(anonymous_32)
FN:353,(anonymous_33)
FN:354,(anonymous_34)
FN:357,(anonymous_35)
FN:375,(anonymous_36)
FN:380,(anonymous_37)
FN:393,(anonymous_38)
FN:405,(anonymous_39)
FN:413,(anonymous_40)
FN:414,(anonymous_41)
FN:417,(anonymous_42)
FN:447,(anonymous_43)
FNF:44
FNH:0
FNDA:0,(anonymous_0)
FNDA:0,(anonymous_1)
FNDA:0,(anonymous_2)
FNDA:0,(anonymous_3)
FNDA:0,(anonymous_4)
FNDA:0,(anonymous_5)
FNDA:0,(anonymous_6)
FNDA:0,(anonymous_7)
FNDA:0,(anonymous_8)
FNDA:0,(anonymous_9)
FNDA:0,(anonymous_10)
FNDA:0,(anonymous_11)
FNDA:0,(anonymous_12)
FNDA:0,(anonymous_13)
FNDA:0,(anonymous_14)
FNDA:0,(anonymous_15)
FNDA:0,(anonymous_16)
FNDA:0,(anonymous_17)
FNDA:0,(anonymous_18)
FNDA:0,(anonymous_19)
FNDA:0,(anonymous_20)
FNDA:0,(anonymous_21)
FNDA:0,(anonymous_22)
FNDA:0,(anonymous_23)
FNDA:0,(anonymous_24)
FNDA:0,(anonymous_25)
FNDA:0,(anonymous_26)
FNDA:0,(anonymous_27)
FNDA:0,(anonymous_28)
FNDA:0,(anonymous_29)
FNDA:0,(anonymous_30)
FNDA:0,(anonymous_31)
FNDA:0,(anonymous_32)
FNDA:0,(anonymous_33)
FNDA:0,(anonymous_34)
FNDA:0,(anonymous_35)
FNDA:0,(anonymous_36)
FNDA:0,(anonymous_37)
FNDA:0,(anonymous_38)
FNDA:0,(anonymous_39)
FNDA:0,(anonymous_40)
FNDA:0,(anonymous_41)
FNDA:0,(anonymous_42)
FNDA:0,(anonymous_43)
DA:24,0
DA:31,0
DA:38,0
DA:43,0
DA:44,0
DA:46,0
DA:53,0
DA:57,0
DA:61,0
DA:62,0
DA:64,0
DA:68,0
DA:80,0
DA:82,0
DA:83,0
DA:84,0
DA:85,0
DA:86,0
DA:87,0
DA:88,0
DA:91,0
DA:99,0
DA:101,0
DA:102,0
DA:103,0
DA:105,0
DA:110,0
DA:111,0
DA:112,0
DA:115,0
DA:116,0
DA:117,0
DA:118,0
DA:119,0
DA:120,0
DA:121,0
DA:122,0
DA:123,0
DA:124,0
DA:125,0
DA:126,0
DA:128,0
DA:129,0
DA:132,0
DA:144,0
DA:145,0
DA:149,0
DA:150,0
DA:155,0
DA:167,0
DA:169,0
DA:170,0
DA:171,0
DA:172,0
DA:173,0
DA:174,0
DA:175,0
DA:176,0
DA:177,0
DA:178,0
DA:179,0
DA:180,0
DA:182,0
DA:183,0
DA:186,0
DA:194,0
DA:200,0
DA:202,0
DA:203,0
DA:204,0
DA:205,0
DA:206,0
DA:207,0
DA:208,0
DA:209,0
DA:210,0
DA:211,0
DA:212,0
DA:213,0
DA:215,0
DA:216,0
DA:219,0
DA:235,0
DA:240,0
DA:241,0
DA:242,0
DA:243,0
DA:251,0
DA:252,0
DA:253,0
DA:254,0
DA:262,0
DA:270,0
DA:271,0
DA:273,0
DA:283,0
DA:295,0
DA:296,0
DA:306,0
DA:307,0
DA:308,0
DA:309,0
DA:311,0
DA:316,0
DA:317,0
DA:318,0
DA:320,0
DA:321,0
DA:322,0
DA:323,0
DA:324,0
DA:325,0
DA:326,0
DA:327,0
DA:328,0
DA:329,0
DA:330,0
DA:331,0
DA:333,0
DA:334,0
DA:337,0
DA:345,0
DA:354,0
DA:358,0
DA:359,0
DA:360,0
DA:361,0
DA:364,0
DA:376,0
DA:377,0
DA:381,0
DA:382,0
DA:388,0
DA:390,0
DA:394,0
DA:395,0
DA:396,0
DA:397,0
DA:398,0
DA:399,0
DA:400,0
DA:403,0
DA:406,0
DA:410,0
DA:414,0
DA:418,0
DA:419,0
DA:420,0
DA:421,0
DA:422,0
DA:424,0
DA:425,0
DA:426,0
DA:427,0
DA:428,0
DA:429,0
DA:430,0
DA:433,0
DA:448,0
LF:159
LH:0
BRDA:43,0,0,0
BRDA:43,0,1,0
BRDA:64,1,0,0
BRDA:64,1,1,0
BRDA:64,2,0,0
BRDA:64,2,1,0
BRDA:84,3,0,0
BRDA:84,3,1,0
BRDA:94,4,0,0
BRDA:94,4,1,0
BRDA:99,5,0,0
BRDA:99,5,1,0
BRDA:99,6,0,0
BRDA:99,6,1,0
BRDA:99,6,2,0
BRDA:117,7,0,0
BRDA:117,7,1,0
BRDA:118,8,0,0
BRDA:118,8,1,0
BRDA:121,9,0,0
BRDA:121,9,1,0
BRDA:124,10,0,0
BRDA:124,10,1,0
BRDA:133,11,0,0
BRDA:133,11,1,0
BRDA:144,12,0,0
BRDA:144,12,1,0
BRDA:149,13,0,0
BRDA:149,13,1,0
BRDA:158,14,0,0
BRDA:158,14,1,0
BRDA:159,15,0,0
BRDA:159,15,1,0
BRDA:160,16,0,0
BRDA:160,16,1,0
BRDA:161,17,0,0
BRDA:161,17,1,0
BRDA:162,18,0,0
BRDA:162,18,1,0
BRDA:167,19,0,0
BRDA:167,19,1,0
BRDA:171,20,0,0
BRDA:171,20,1,0
BRDA:172,21,0,0
BRDA:172,21,1,0
BRDA:175,22,0,0
BRDA:175,22,1,0
BRDA:178,23,0,0
BRDA:178,23,1,0
BRDA:186,24,0,0
BRDA:186,24,1,0
BRDA:200,25,0,0
BRDA:200,25,1,0
BRDA:204,26,0,0
BRDA:204,26,1,0
BRDA:205,27,0,0
BRDA:205,27,1,0
BRDA:208,28,0,0
BRDA:208,28,1,0
BRDA:211,29,0,0
BRDA:211,29,1,0
BRDA:219,30,0,0
BRDA:219,30,1,0
BRDA:222,31,0,0
BRDA:222,31,1,0
BRDA:246,32,0,0
BRDA:246,32,1,0
BRDA:257,33,0,0
BRDA:257,33,1,0
BRDA:270,34,0,0
BRDA:270,34,1,0
BRDA:270,35,0,0
BRDA:270,35,1,0
BRDA:301,36,0,0
BRDA:301,36,1,0
BRDA:306,37,0,0
BRDA:306,37,1,0
BRDA:306,38,0,0
BRDA:306,38,1,0
BRDA:306,38,2,0
BRDA:322,39,0,0
BRDA:322,39,1,0
BRDA:323,40,0,0
BRDA:323,40,1,0
BRDA:326,41,0,0
BRDA:326,41,1,0
BRDA:329,42,0,0
BRDA:329,42,1,0
BRDA:338,43,0,0
BRDA:338,43,1,0
BRDA:349,44,0,0
BRDA:349,44,1,0
BRDA:359,45,0,0
BRDA:359,45,1,0
BRDA:376,46,0,0
BRDA:376,46,1,0
BRDA:381,47,0,0
BRDA:381,47,1,0
BRDA:388,48,0,0
BRDA:388,48,1,0
BRDA:396,49,0,0
BRDA:396,49,1,0
BRDA:420,50,0,0
BRDA:420,50,1,0
BRDA:422,51,0,0
BRDA:422,51,1,0
BRDA:426,52,0,0
BRDA:426,52,1,0
BRDA:456,53,0,0
BRDA:456,53,1,0
BRF:110
BRH:0
end_of_record
TN:
SF:/Users/denjell/git/quasar-ui-qcalendar/ui/src/components/QCalendarMonthly.js
FN:20,(anonymous_0)
FN:24,(anonymous_1)
FNF:2
FNH:0
FNDA:0,(anonymous_0)
FNDA:0,(anonymous_1)
DA:21,0
DA:25,0
LF:2
LH:0
BRF:0
BRH:0
end_of_record
TN:
SF:/Users/denjell/git/quasar-ui-qcalendar/ui/src/components/QCalendarScheduler.js
FN:23,(anonymous_0)
FN:30,(anonymous_1)
FN:37,(anonymous_2)
FN:42,(anonymous_3)
FN:52,(anonymous_4)
FN:56,(anonymous_5)
FN:60,(anonymous_6)
FN:67,(anonymous_7)
FN:83,(anonymous_8)
FN:95,(anonymous_9)
FN:118,(anonymous_10)
FN:121,(anonymous_11)
FN:122,(anonymous_12)
FN:124,(anonymous_13)
FN:128,(anonymous_14)
FN:162,(anonymous_15)
FN:167,(anonymous_16)
FN:173,(anonymous_17)
FN:183,(anonymous_18)
FN:210,(anonymous_19)
FN:216,(anonymous_20)
FN:253,(anonymous_21)
FN:257,(anonymous_22)
FN:268,(anonymous_23)
FN:279,(anonymous_24)
FN:287,(anonymous_25)
FN:300,(anonymous_26)
FN:312,(anonymous_27)
FN:321,(anonymous_28)
FN:324,(anonymous_29)
FN:325,(anonymous_30)
FN:327,(anonymous_31)
FN:331,(anonymous_32)
FN:362,(anonymous_33)
FN:363,(anonymous_34)
FN:366,(anonymous_35)
FN:384,(anonymous_36)
FN:389,(anonymous_37)
FN:395,(anonymous_38)
FN:405,(anonymous_39)
FN:426,(anonymous_40)
FN:427,(anonymous_41)
FN:430,(anonymous_42)
FN:454,(anonymous_43)
FN:462,(anonymous_44)
FN:467,(anonymous_45)
FNF:46
FNH:0
FNDA:0,(anonymous_0)
FNDA:0,(anonymous_1)
FNDA:0,(anonymous_2)
FNDA:0,(anonymous_3)
FNDA:0,(anonymous_4)
FNDA:0,(anonymous_5)
FNDA:0,(anonymous_6)
FNDA:0,(anonymous_7)
FNDA:0,(anonymous_8)
FNDA:0,(anonymous_9)
FNDA:0,(anonymous_10)
FNDA:0,(anonymous_11)
FNDA:0,(anonymous_12)
FNDA:0,(anonymous_13)
FNDA:0,(anonymous_14)
FNDA:0,(anonymous_15)
FNDA:0,(anonymous_16)
FNDA:0,(anonymous_17)
FNDA:0,(anonymous_18)
FNDA:0,(anonymous_19)
FNDA:0,(anonymous_20)
FNDA:0,(anonymous_21)
FNDA:0,(anonymous_22)
FNDA:0,(anonymous_23)
FNDA:0,(anonymous_24)
FNDA:0,(anonymous_25)
FNDA:0,(anonymous_26)
FNDA:0,(anonymous_27)
FNDA:0,(anonymous_28)
FNDA:0,(anonymous_29)
FNDA:0,(anonymous_30)
FNDA:0,(anonymous_31)
FNDA:0,(anonymous_32)
FNDA:0,(anonymous_33)
FNDA:0,(anonymous_34)
FNDA:0,(anonymous_35)
FNDA:0,(anonymous_36)
FNDA:0,(anonymous_37)
FNDA:0,(anonymous_38)
FNDA:0,(anonymous_39)
FNDA:0,(anonymous_40)
FNDA:0,(anonymous_41)
FNDA:0,(anonymous_42)
FNDA:0,(anonymous_43)
FNDA:0,(anonymous_44)
FNDA:0,(anonymous_45)
DA:24,0
DA:31,0
DA:38,0
DA:43,0
DA:44,0
DA:46,0
DA:53,0
DA:57,0
DA:61,0
DA:62,0
DA:64,0
DA:68,0
DA:69,0
DA:71,0
DA:72,0
DA:73,0
DA:75,0
DA:76,0
DA:80,0
DA:84,0
DA:96,0
DA:97,0
DA:99,0
DA:100,0
DA:101,0
DA:102,0
DA:103,0
DA:104,0
DA:105,0
DA:108,0
DA:119,0
DA:120,0
DA:121,0
DA:122,0
DA:124,0
DA:129,0
DA:130,0
DA:131,0
DA:134,0
DA:135,0
DA:136,0
DA:137,0
DA:138,0
DA:139,0
DA:140,0
DA:141,0
DA:142,0
DA:143,0
DA:144,0
DA:145,0
DA:147,0
DA:148,0
DA:151,0
DA:163,0
DA:164,0
DA:168,0
DA:169,0
DA:173,0
DA:184,0
DA:186,0
DA:187,0
DA:188,0
DA:189,0
DA:190,0
DA:191,0
DA:192,0
DA:193,0
DA:194,0
DA:195,0
DA:196,0
DA:197,0
DA:199,0
DA:200,0
DA:203,0
DA:211,0
DA:217,0
DA:219,0
DA:220,0
DA:221,0
DA:222,0
DA:223,0
DA:224,0
DA:225,0
DA:226,0
DA:227,0
DA:228,0
DA:229,0
DA:230,0
DA:231,0
DA:233,0
DA:234,0
DA:237,0
DA:253,0
DA:258,0
DA:259,0
DA:260,0
DA:261,0
DA:269,0
DA:270,0
DA:271,0
DA:272,0
DA:280,0
DA:288,0
DA:289,0
DA:291,0
DA:301,0
DA:313,0
DA:322,0
DA:323,0
DA:324,0
DA:325,0
DA:327,0
DA:332,0
DA:333,0
DA:334,0
DA:335,0
DA:336,0
DA:337,0
DA:338,0
DA:339,0
DA:340,0
DA:341,0
DA:342,0
DA:343,0
DA:344,0
DA:346,0
DA:347,0
DA:350,0
DA:363,0
DA:367,0
DA:368,0
DA:369,0
DA:370,0
DA:373,0
DA:374,0
DA:376,0
DA:385,0
DA:386,0
DA:390,0
DA:391,0
DA:396,0
DA:400,0
DA:402,0
DA:406,0
DA:407,0
DA:408,0
DA:409,0
DA:410,0
DA:411,0
DA:412,0
DA:413,0
DA:416,0
DA:423,0
DA:427,0
DA:431,0
DA:432,0
DA:436,0
DA:437,0
DA:439,0
DA:440,0
DA:441,0
DA:442,0
DA:443,0
DA:444,0
DA:445,0
DA:448,0
DA:454,0
DA:463,0
DA:468,0
LF:169
LH:0
BRDA:43,0,0,0
BRDA:43,0,1,0
BRDA:64,1,0,0
BRDA:64,1,1,0
BRDA:64,2,0,0
BRDA:64,2,1,0
BRDA:67,3,0,0
BRDA:71,4,0,0
BRDA:71,4,1,0
BRDA:72,5,0,0
BRDA:72,5,1,0
BRDA:75,6,0,0
BRDA:75,6,1,0
BRDA:101,7,0,0
BRDA:101,7,1,0
BRDA:114,8,0,0
BRDA:114,8,1,0
BRDA:119,9,0,0
BRDA:119,9,1,0
BRDA:119,10,0,0
BRDA:119,10,1,0
BRDA:119,10,2,0
BRDA:136,11,0,0
BRDA:136,11,1,0
BRDA:137,12,0,0
BRDA:137,12,1,0
BRDA:140,13,0,0
BRDA:140,13,1,0
BRDA:143,14,0,0
BRDA:143,14,1,0
BRDA:152,15,0,0
BRDA:152,15,1,0
BRDA:163,16,0,0
BRDA:163,16,1,0
BRDA:168,17,0,0
BRDA:168,17,1,0
BRDA:175,18,0,0
BRDA:175,18,1,0
BRDA:176,19,0,0
BRDA:176,19,1,0
BRDA:177,20,0,0
BRDA:177,20,1,0
BRDA:178,21,0,0
BRDA:178,21,1,0
BRDA:179,22,0,0
BRDA:179,22,1,0
BRDA:184,23,0,0
BRDA:184,23,1,0
BRDA:188,24,0,0
BRDA:188,24,1,0
BRDA:189,25,0,0
BRDA:189,25,1,0
BRDA:192,26,0,0
BRDA:192,26,1,0
BRDA:195,27,0,0
BRDA:195,27,1,0
BRDA:203,28,0,0
BRDA:203,28,1,0
BRDA:217,29,0,0
BRDA:217,29,1,0
BRDA:222,30,0,0
BRDA:222,30,1,0
BRDA:223,31,0,0
BRDA:223,31,1,0
BRDA:226,32,0,0
BRDA:226,32,1,0
BRDA:229,33,0,0
BRDA:229,33,1,0
BRDA:237,34,0,0
BRDA:237,34,1,0
BRDA:240,35,0,0
BRDA:240,35,1,0
BRDA:264,36,0,0
BRDA:264,36,1,0
BRDA:275,37,0,0
BRDA:275,37,1,0
BRDA:288,38,0,0
BRDA:288,38,1,0
BRDA:288,39,0,0
BRDA:288,39,1,0
BRDA:322,40,0,0
BRDA:322,40,1,0
BRDA:322,41,0,0
BRDA:322,41,1,0
BRDA:322,41,2,0
BRDA:335,42,0,0
BRDA:335,42,1,0
BRDA:336,43,0,0
BRDA:336,43,1,0
BRDA:339,44,0,0
BRDA:339,44,1,0
BRDA:342,45,0,0
BRDA:342,45,1,0
BRDA:351,46,0,0
BRDA:351,46,1,0
BRDA:368,47,0,0
BRDA:368,47,1,0
BRDA:385,48,0,0
BRDA:385,48,1,0
BRDA:390,49,0,0
BRDA:390,49,1,0
BRDA:400,50,0,0
BRDA:400,50,1,0
BRDA:409,51,0,0
BRDA:409,51,1,0
BRDA:441,52,0,0
BRDA:441,52,1,0
BRDA:456,53,0,0
BRDA:456,53,1,0
BRDA:476,54,0,0
BRDA:476,54,1,0
BRDA:476,54,2,0
BRDA:477,55,0,0
BRDA:477,55,1,0
BRDA:478,56,0,0
BRDA:478,56,1,0
BRF:116
BRH:0
end_of_record
TN:
SF:/Users/denjell/git/quasar-ui-qcalendar/ui/src/components/QCalendarWeekly.js
FN:28,(anonymous_0)
FN:32,(anonymous_1)
FN:36,(anonymous_2)
FN:52,(anonymous_3)
FN:68,(anonymous_4)
FN:74,(anonymous_5)
FN:78,(anonymous_6)
FN:91,(anonymous_7)
FN:98,(anonymous_8)
FN:105,(anonymous_9)
FN:114,(anonymous_10)
FN:123,(anonymous_11)
FN:138,(anonymous_12)
FN:139,(anonymous_13)
FN:142,(anonymous_14)
FN:170,(anonymous_15)
FN:177,(anonymous_16)
FN:188,(anonymous_17)
FN:207,(anonymous_18)
FN:215,(anonymous_19)
FN:251,(anonymous_20)
FN:256,(anonymous_21)
FN:294,(anonymous_22)
FN:299,(anonymous_23)
FN:305,(anonymous_24)
FN:316,(anonymous_25)
FN:356,(anonymous_26)
FN:362,(anonymous_27)
FN:372,(anonymous_28)
FN:384,(anonymous_29)
FN:388,(anonymous_30)
FNF:31
FNH:0
FNDA:0,(anonymous_0)
FNDA:0,(anonymous_1)
FNDA:0,(anonymous_2)
FNDA:0,(anonymous_3)
FNDA:0,(anonymous_4)
FNDA:0,(anonymous_5)
FNDA:0,(anonymous_6)
FNDA:0,(anonymous_7)
FNDA:0,(anonymous_8)
FNDA:0,(anonymous_9)
FNDA:0,(anonymous_10)
FNDA:0,(anonymous_11)
FNDA:0,(anonymous_12)
FNDA:0,(anonymous_13)
FNDA:0,(anonymous_14)
FNDA:0,(anonymous_15)
FNDA:0,(anonymous_16)
FNDA:0,(anonymous_17)
FNDA:0,(anonymous_18)
FNDA:0,(anonymous_19)
FNDA:0,(anonymous_20)
FNDA:0,(anonymous_21)
FNDA:0,(anonymous_22)
FNDA:0,(anonymous_23)
FNDA:0,(anonymous_24)
FNDA:0,(anonymous_25)
FNDA:0,(anonymous_26)
FNDA:0,(anonymous_27)
FNDA:0,(anonymous_28)
FNDA:0,(anonymous_29)
FNDA:0,(anonymous_30)
DA:29,0
DA:33,0
DA:37,0
DA:38,0
DA:39,0
DA:41,0
DA:53,0
DA:54,0
DA:55,0
DA:57,0
DA:69,0
DA:70,0
DA:72,0
DA:74,0
DA:79,0
DA:80,0
DA:81,0
DA:82,0
DA:84,0
DA:85,0
DA:87,0
DA:88,0
DA:92,0
DA:99,0
DA:101,0
DA:106,0
DA:107,0
DA:108,0
DA:111,0
DA:115,0
DA:124,0
DA:125,0
DA:126,0
DA:127,0
DA:128,0
DA:129,0
DA:130,0
DA:133,0
DA:139,0
DA:143,0
DA:144,0
DA:145,0
DA:146,0
DA:147,0
DA:148,0
DA:149,0
DA:151,0
DA:152,0
DA:154,0
DA:155,0
DA:158,0
DA:171,0
DA:172,0
DA:178,0
DA:179,0
DA:180,0
DA:181,0
DA:182,0
DA:185,0
DA:189,0
DA:190,0
DA:191,0
DA:192,0
DA:193,0
DA:207,0
DA:216,0
DA:218,0
DA:219,0
DA:220,0
DA:221,0
DA:222,0
DA:223,0
DA:224,0
DA:225,0
DA:226,0
DA:227,0
DA:228,0
DA:229,0
DA:230,0
DA:231,0
DA:232,0
DA:233,0
DA:234,0
DA:235,0
DA:237,0
DA:238,0
DA:241,0
DA:252,0
DA:253,0
DA:254,0
DA:255,0
DA:256,0
DA:259,0
DA:260,0
DA:261,0
DA:262,0
DA:263,0
DA:264,0
DA:265,0
DA:266,0
DA:267,0
DA:268,0
DA:269,0
DA:270,0
DA:271,0
DA:272,0
DA:273,0
DA:275,0
DA:276,0
DA:279,0
DA:280,0
DA:282,0
DA:295,0
DA:296,0
DA:300,0
DA:301,0
DA:305,0
DA:317,0
DA:318,0
DA:319,0
DA:320,0
DA:321,0
DA:322,0
DA:323,0
DA:324,0
DA:325,0
DA:326,0
DA:327,0
DA:328,0
DA:329,0
DA:330,0
DA:331,0
DA:332,0
DA:333,0
DA:334,0
DA:335,0
DA:336,0
DA:338,0
DA:339,0
DA:342,0
DA:356,0
DA:363,0
DA:364,0
DA:365,0
DA:367,0
DA:373,0
DA:374,0
DA:375,0
DA:376,0
DA:378,0
DA:385,0
DA:389,0
LF:152
LH:0
BRDA:29,0,0,0
BRDA:29,0,1,0
BRDA:74,1,0,0
BRDA:74,1,1,0
BRDA:80,2,0,0
BRDA:80,2,1,0
BRDA:84,3,0,0
BRDA:84,3,1,0
BRDA:92,4,0,0
BRDA:92,4,1,0
BRDA:92,4,2,0
BRDA:101,5,0,0
BRDA:101,5,1,0
BRDA:107,6,0,0
BRDA:107,6,1,0
BRDA:118,7,0,0
BRDA:118,7,1,0
BRDA:126,8,0,0
BRDA:126,8,1,0
BRDA:146,9,0,0
BRDA:146,9,1,0
BRDA:147,10,0,0
BRDA:147,10,1,0
BRDA:166,11,0,0
BRDA:166,11,1,0
BRDA:174,12,0,0
BRDA:174,12,1,0
BRDA:174,13,0,0
BRDA:174,13,1,0
BRDA:197,14,0,0
BRDA:197,14,1,0
BRDA:197,15,0,0
BRDA:197,15,1,0
BRDA:197,16,0,0
BRDA:197,16,1,0
BRDA:200,17,0,0
BRDA:200,17,1,0
BRDA:208,18,0,0
BRDA:208,18,1,0
BRDA:218,19,0,0
BRDA:218,19,1,0
BRDA:222,20,0,0
BRDA:222,20,1,0
BRDA:222,21,0,0
BRDA:222,21,1,0
BRDA:226,22,0,0
BRDA:226,22,1,0
BRDA:227,23,0,0
BRDA:227,23,1,0
BRDA:227,24,0,0
BRDA:227,24,1,0
BRDA:227,24,2,0
BRDA:230,25,0,0
BRDA:230,25,1,0
BRDA:230,26,0,0
BRDA:230,26,1,0
BRDA:230,26,2,0
BRDA:233,27,0,0
BRDA:233,27,1,0
BRDA:233,28,0,0
BRDA:233,28,1,0
BRDA:233,28,2,0
BRDA:241,29,0,0
BRDA:241,29,1,0
BRDA:244,30,0,0
BRDA:244,30,1,0
BRDA:246,31,0,0
BRDA:246,31,1,0
BRDA:246,32,0,0
BRDA:246,32,1,0
BRDA:248,33,0,0
BRDA:248,33,1,0
BRDA:252,34,0,0
BRDA:252,34,1,0
BRDA:256,35,0,0
BRDA:256,35,1,0
BRDA:256,35,2,0
BRDA:261,36,0,0
BRDA:261,36,1,0
BRDA:262,37,0,0
BRDA:262,37,1,0
BRDA:265,38,0,0
BRDA:265,38,1,0
BRDA:268,39,0,0
BRDA:268,39,1,0
BRDA:271,40,0,0
BRDA:271,40,1,0
BRDA:280,41,0,0
BRDA:280,41,1,0
BRDA:295,42,0,0
BRDA:295,42,1,0
BRDA:300,43,0,0
BRDA:300,43,1,0
BRDA:308,44,0,0
BRDA:308,44,1,0
BRDA:308,45,0,0
BRDA:308,45,1,0
BRDA:308,45,2,0
BRDA:309,46,0,0
BRDA:309,46,1,0
BRDA:309,47,0,0
BRDA:309,47,1,0
BRDA:311,48,0,0
BRDA:311,48,1,0
BRDA:312,49,0,0
BRDA:312,49,1,0
BRDA:318,50,0,0
BRDA:318,50,1,0
BRDA:324,51,0,0
BRDA:324,51,1,0
BRDA:325,52,0,0
BRDA:325,52,1,0
BRDA:328,53,0,0
BRDA:328,53,1,0
BRDA:331,54,0,0
BRDA:331,54,1,0
BRDA:334,55,0,0
BRDA:334,55,1,0
BRDA:342,56,0,0
BRDA:342,56,1,0
BRDA:345,57,0,0
BRDA:345,57,1,0
BRDA:351,58,0,0
BRDA:351,58,1,0
BRDA:358,59,0,0
BRDA:358,59,1,0
BRDA:363,60,0,0
BRDA:363,60,1,0
BRDA:369,61,0,0
BRDA:369,61,1,0
BRDA:373,62,0,0
BRDA:373,62,1,0
BRDA:380,63,0,0
BRDA:380,63,1,0
BRDA:380,64,0,0
BRDA:380,64,1,0
BRDA:393,65,0,0
BRDA:393,65,1,0
BRF:138
BRH:0
end_of_record
TN:
SF:/Users/denjell/git/quasar-ui-qcalendar/ui/src/components/index.js
FNF:0
FNH:0
LF:0
LH:0
BRF:0
BRH:0
end_of_record
TN:
SF:/Users/denjell/git/quasar-ui-qcalendar/ui/src/directives/resize.js
FN:4,(anonymous_0)
FN:19,(anonymous_1)
FNF:2
FNH:0
FNDA:0,(anonymous_0)
FNDA:0,(anonymous_1)
DA:5,0
DA:6,0
DA:8,0
DA:9,0
DA:14,0
DA:15,0
DA:20,0
DA:22,0
DA:23,0
DA:24,0
LF:10
LH:0
BRDA:6,0,0,0
BRDA:6,0,1,0
BRDA:14,1,0,0
BRDA:14,1,1,0
BRDA:14,2,0,0
BRDA:14,2,1,0
BRDA:20,3,0,0
BRDA:20,3,1,0
BRF:8
BRH:0
end_of_record
TN:
SF:/Users/denjell/git/quasar-ui-qcalendar/ui/src/mixins/calendar-base.js
FN:35,(anonymous_0)
FN:44,(anonymous_1)
FN:52,(anonymous_2)
FN:55,(anonymous_3)
FN:58,(anonymous_4)
FN:61,(anonymous_5)
FN:70,(anonymous_6)
FN:75,(anonymous_7)
FN:78,(anonymous_8)
FN:84,(anonymous_9)
FN:90,(anonymous_10)
FN:98,(anonymous_11)
FN:101,(anonymous_12)
FN:104,(anonymous_13)
FNF:14
FNH:0
FNDA:0,(anonymous_0)
FNDA:0,(anonymous_1)
FNDA:0,(anonymous_2)
FNDA:0,(anonymous_3)
FNDA:0,(anonymous_4)
FNDA:0,(anonymous_5)
FNDA:0,(anonymous_6)
FNDA:0,(anonymous_7)
FNDA:0,(anonymous_8)
FNDA:0,(anonymous_9)
FNDA:0,(anonymous_10)
FNDA:0,(anonymous_11)
FNDA:0,(anonymous_12)
FNDA:0,(anonymous_13)
DA:35,0
DA:45,0
DA:53,0
DA:56,0
DA:59,0
DA:62,0
DA:71,0
DA:73,0
DA:75,0
DA:79,0
DA:80,0
DA:82,0
DA:84,0
DA:91,0
DA:99,0
DA:102,0
DA:105,0
LF:17
LH:0
BRDA:84,0,0,0
BRDA:84,0,1,0
BRDA:90,1,0,0
BRF:3
BRH:0
end_of_record
TN:
SF:/Users/denjell/git/quasar-ui-qcalendar/ui/src/mixins/calendar-intervals.js
FN:27,(anonymous_0)
FN:30,(anonymous_1)
FN:33,(anonymous_2)
FN:36,(anonymous_3)
FN:39,(anonymous_4)
FN:42,(anonymous_5)
FN:45,(anonymous_6)
FN:55,(anonymous_7)
FN:66,(anonymous_8)
FN:68,(anonymous_9)
FN:75,(anonymous_10)
FN:81,(anonymous_11)
FN:86,(anonymous_12)
FN:89,(anonymous_13)
FN:103,(anonymous_14)
FN:112,(anonymous_15)
FN:124,(anonymous_16)
FN:127,(anonymous_17)
FNF:18
FNH:0
FNDA:0,(anonymous_0)
FNDA:0,(anonymous_1)
FNDA:0,(anonymous_2)
FNDA:0,(anonymous_3)
FNDA:0,(anonymous_4)
FNDA:0,(anonymous_5)
FNDA:0,(anonymous_6)
FNDA:0,(anonymous_7)
FNDA:0,(anonymous_8)
FNDA:0,(anonymous_9)
FNDA:0,(anonymous_10)
FNDA:0,(anonymous_11)
FNDA:0,(anonymous_12)
FNDA:0,(anonymous_13)
FNDA:0,(anonymous_14)
FNDA:0,(anonymous_15)
FNDA:0,(anonymous_16)
FNDA:0,(anonymous_17)
DA:28,0
DA:31,0
DA:34,0
DA:37,0
DA:40,0
DA:43,0
DA:46,0
DA:56,0
DA:57,0
DA:58,0
DA:59,0
DA:60,0
DA:62,0
DA:64,0
DA:66,0
DA:69,0
DA:70,0
DA:71,0
DA:73,0
DA:75,0
DA:82,0
DA:83,0
DA:84,0
DA:87,0
DA:90,0
DA:91,0
DA:92,0
DA:93,0
DA:94,0
DA:95,0
DA:96,0
DA:97,0
DA:98,0
DA:99,0
DA:101,0
DA:104,0
DA:105,0
DA:106,0
DA:107,0
DA:108,0
DA:110,0
DA:113,0
DA:114,0
DA:116,0
DA:117,0
DA:120,0
DA:122,0
DA:125,0
DA:128,0
DA:129,0
DA:131,0
DA:132,0
DA:133,0
DA:134,0
DA:136,0
DA:137,0
DA:138,0
DA:140,0
DA:141,0
DA:145,0
LF:60
LH:0
BRDA:62,0,0,0
BRDA:62,0,1,0
BRDA:75,1,0,0
BRDA:75,1,1,0
BRDA:75,2,0,0
BRDA:75,2,1,0
BRDA:83,3,0,0
BRDA:83,3,1,0
BRDA:84,4,0,0
BRDA:84,4,1,0
BRDA:95,5,0,0
BRDA:95,5,1,0
BRDA:96,6,0,0
BRDA:96,6,1,0
BRDA:96,7,0,0
BRDA:96,7,1,0
BRDA:107,8,0,0
BRDA:107,8,1,0
BRDA:116,9,0,0
BRDA:116,9,1,0
BRDA:116,10,0,0
BRDA:116,10,1,0
BRDA:127,11,0,0
BRDA:129,12,0,0
BRDA:129,12,1,0
BRDA:136,13,0,0
BRDA:136,13,1,0
BRDA:137,14,0,0
BRDA:137,14,1,0
BRDA:140,15,0,0
BRDA:140,15,1,0
BRF:31
BRH:0
end_of_record
TN:
SF:/Users/denjell/git/quasar-ui-qcalendar/ui/src/mixins/calendar-scheduler.js
FN:25,(anonymous_0)
FN:28,(anonymous_1)
FN:31,(anonymous_2)
FN:37,(anonymous_3)
FN:50,(anonymous_4)
FN:53,(anonymous_5)
FN:57,(anonymous_6)
FNF:7
FNH:0
FNDA:0,(anonymous_0)
FNDA:0,(anonymous_1)
FNDA:0,(anonymous_2)
FNDA:0,(anonymous_3)
FNDA:0,(anonymous_4)
FNDA:0,(anonymous_5)
FNDA:0,(anonymous_6)
DA:26,0
DA:29,0
DA:32,0
DA:33,0
DA:35,0
DA:38,0
DA:51,0
DA:54,0
DA:55,0
DA:58,0
DA:59,0
DA:60,0
DA:61,0
DA:63,0
DA:64,0
DA:66,0
LF:16
LH:0
BRDA:32,0,0,0
BRDA:32,0,1,0
BRDA:32,1,0,0
BRDA:32,1,1,0
BRDA:60,2,0,0
BRDA:60,2,1,0
BRDA:63,3,0,0
BRDA:63,3,1,0
BRF:8
BRH:0
end_of_record
TN:
SF:/Users/denjell/git/quasar-ui-qcalendar/ui/src/mixins/mouse.js
FN:5,(anonymous_0)
FN:19,(anonymous_1)
FN:31,(anonymous_2)
FNF:3
FNH:0
FNDA:0,(anonymous_0)
FNDA:0,(anonymous_1)
FNDA:0,(anonymous_2)
DA:6,0
DA:20,0
DA:22,0
DA:23,0
DA:25,0
DA:28,0
DA:29,0
DA:31,0
DA:32,0
DA:33,0
DA:34,0
DA:35,0
DA:37,0
DA:38,0
DA:40,0
DA:43,0
DA:46,0
DA:47,0
DA:48,0
DA:50,0
DA:53,0
DA:57,0
LF:22
LH:0
BRDA:25,0,0,0
BRDA:25,0,1,0
BRDA:28,1,0,0
BRDA:28,1,1,0
BRDA:28,2,0,0
BRDA:28,2,1,0
BRDA:28,3,0,0
BRDA:28,3,1,0
BRDA:33,4,0,0
BRDA:33,4,1,0
BRDA:33,5,0,0
BRDA:33,5,1,0
BRDA:33,5,2,0
BRDA:34,6,0,0
BRDA:34,6,1,0
BRDA:37,7,0,0
BRDA:37,7,1,0
BRDA:46,8,0,0
BRDA:46,8,1,0
BRDA:47,9,0,0
BRDA:47,9,1,0
BRF:21
BRH:0
end_of_record
TN:
SF:/Users/denjell/git/quasar-ui-qcalendar/ui/src/mixins/times.js
FN:13,(anonymous_0)
FN:17,(anonymous_1)
FN:25,(anonymous_2)
FN:34,(anonymous_3)
FN:40,(anonymous_4)
FN:45,(anonymous_5)
FN:51,(anonymous_6)
FN:54,(anonymous_7)
FN:63,(anonymous_8)
FNF:9
FNH:0
FNDA:0,(anonymous_0)
FNDA:0,(anonymous_1)
FNDA:0,(anonymous_2)
FNDA:0,(anonymous_3)
FNDA:0,(anonymous_4)
FNDA:0,(anonymous_5)
FNDA:0,(anonymous_6)
FNDA:0,(anonymous_7)
FNDA:0,(anonymous_8)
DA:13,0
DA:17,0
DA:26,0
DA:35,0
DA:36,0
DA:41,0
DA:42,0
DA:43,0
DA:46,0
DA:47,0
DA:48,0
DA:49,0
DA:52,0
DA:55,0
DA:56,0
DA:57,0
DA:58,0
DA:59,0
DA:60,0
DA:64,0
DA:65,0
DA:66,0
DA:67,0
LF:23
LH:0
BRDA:13,0,0,0
BRDA:13,0,1,0
BRDA:26,1,0,0
BRDA:26,1,1,0
BRDA:46,2,0,0
BRDA:46,2,1,0
BRDA:55,3,0,0
BRDA:55,3,1,0
BRDA:64,4,0,0
BRDA:64,4,1,0
BRF:10
BRH:0
end_of_record
TN:
SF:/Users/denjell/git/quasar-ui-qcalendar/ui/src/utils/helpers.js
FN:1,convertToUnit
FN:11,indexOf
FNF:2
FNH:0
FNDA:0,convertToUnit
FNDA:0,indexOf
DA:2,0
DA:3,0
DA:4,0
DA:5,0
DA:7,0
DA:12,0
DA:13,0
DA:14,0
DA:17,0
LF:9
LH:0
BRDA:1,0,0,0
BRDA:2,1,0,0
BRDA:2,1,1,0
BRDA:2,2,0,0
BRDA:2,2,1,0
BRDA:4,3,0,0
BRDA:4,3,1,0
BRDA:13,4,0,0
BRDA:13,4,1,0
BRF:9
BRH:0
end_of_record
TN:
SF:/Users/denjell/git/quasar-ui-qcalendar/ui/src/utils/props.js
FN:9,(anonymous_0)
FN:116,(anonymous_1)
FN:117,(anonymous_2)
FN:121,(anonymous_3)
FN:126,(anonymous_4)
FN:131,(anonymous_5)
FN:151,(anonymous_6)
FN:178,(anonymous_7)
FNF:8
FNH:0
FNDA:0,(anonymous_0)
FNDA:0,(anonymous_1)
FNDA:0,(anonymous_2)
FNDA:0,(anonymous_3)
FNDA:0,(anonymous_4)
FNDA:0,(anonymous_5)
FNDA:0,(anonymous_6)
FNDA:0,(anonymous_7)
DA:9,0
DA:116,0
DA:117,0
DA:121,0
DA:126,0
DA:131,0
DA:151,0
DA:178,0
LF:8
LH:0
BRDA:121,0,0,0
BRDA:121,0,1,0
BRDA:121,0,2,0
BRDA:121,0,3,0
BRDA:151,1,0,0
BRDA:151,1,1,0
BRDA:178,2,0,0
BRDA:178,2,1,0
BRF:8
BRH:0
end_of_record
TN:
SF:/Users/denjell/git/quasar-ui-qcalendar/ui/src/utils/timestamp.js
FN:47,getStartOfWeek
FN:62,getEndOfWeek
FN:79,getStartOfMonth
FN:86,getEndOfMonth
FN:93,parseTime
FN:116,validateTimestamp
FN:120,parsed
FN:146,parseTimestamp
FN:159,parseDate
FN:180,getDayIdentifier
FN:184,getTimeIdentifier
FN:188,diffTimestamp
FN:199,updateRelative
FN:217,updateMinutes
FN:229,updateWeekday
FN:235,updateDayOfYear
FN:241,updateWorkWeek
FN:247,updateDisabled
FN:262,updateFormatted
FN:272,getDayOfYear
FN:277,getWorkWeek
FN:283,getWeekday
FN:297,isLeapYear
FN:301,daysInMonth
FN:305,copyTimestamp
FN:309,padNumber
FN:318,getDate
FN:326,getTime
FN:334,getDateTime
FN:338,nextMinutes
FN:352,nextDay
FN:367,prevDay
FN:382,relativeDays
FN:393,findWeekday
FN:398,getWeekdaySkips
FN:419,createDayList
FN:452,createIntervalList
FN:464,createNativeLocaleFormatter
FN:465,(anonymous_38)
FN:471,(anonymous_39)
FN:481,makeDate
FN:485,makeDateTime
FN:489,validateNumber
FN:493,isBetweenDates
FN:501,__normalizeMinute
FN:516,__normalizeHour
FN:531,__normalizeDay
FN:574,__normalizeMonth
FN:588,addToDate
FN:591,(anonymous_49)
FN:606,daysBetween
FN:611,weeksBetween
FNF:52
FNH:1
FNDA:0,getStartOfWeek
FNDA:0,getEndOfWeek
FNDA:0,getStartOfMonth
FNDA:0,getEndOfMonth
FNDA:3,parseTime
FNDA:0,validateTimestamp
FNDA:0,parsed
FNDA:0,parseTimestamp
FNDA:0,parseDate
FNDA:0,getDayIdentifier
FNDA:0,getTimeIdentifier
FNDA:0,diffTimestamp
FNDA:0,updateRelative
FNDA:0,updateMinutes
FNDA:0,updateWeekday
FNDA:0,updateDayOfYear
FNDA:0,updateWorkWeek
FNDA:0,updateDisabled
FNDA:0,updateFormatted
FNDA:0,getDayOfYear
FNDA:0,getWorkWeek
FNDA:0,getWeekday
FNDA:0,isLeapYear
FNDA:0,daysInMonth
FNDA:0,copyTimestamp
FNDA:0,padNumber
FNDA:0,getDate
FNDA:0,getTime
FNDA:0,getDateTime
FNDA:0,nextMinutes
FNDA:0,nextDay
FNDA:0,prevDay
FNDA:0,relativeDays
FNDA:0,findWeekday
FNDA:0,getWeekdaySkips
FNDA:0,createDayList
FNDA:0,createIntervalList
FNDA:0,createNativeLocaleFormatter
FNDA:0,(anonymous_38)
FNDA:0,(anonymous_39)
FNDA:0,makeDate
FNDA:0,makeDateTime
FNDA:0,validateNumber
FNDA:0,isBetweenDates
FNDA:0,__normalizeMinute
FNDA:0,__normalizeHour
FNDA:0,__normalizeDay
FNDA:0,__normalizeMonth
FNDA:0,addToDate
FNDA:0,(anonymous_49)
FNDA:0,daysBetween
FNDA:0,weeksBetween
DA:3,1
DA:4,1
DA:6,1
DA:7,1
DA:8,1
DA:9,1
DA:10,1
DA:11,1
DA:12,1
DA:13,1
DA:14,1
DA:15,1
DA:16,1
DA:17,1
DA:18,1
DA:19,1
DA:22,1
DA:41,1
DA:48,0
DA:49,0
DA:50,0
DA:53,0
DA:54,0
DA:55,0
DA:56,0
DA:57,0
DA:59,0
DA:64,0
DA:65,0
DA:66,0
DA:67,0
DA:70,0
DA:71,0
DA:72,0
DA:73,0
DA:74,0
DA:76,0
DA:80,0
DA:81,0
DA:82,0
DA:83,0
DA:87,0
DA:88,0
DA:89,0
DA:90,0
DA:94,3
DA:96,2
DA:97,1
DA:99,1
DA:100,1
DA:101,0
DA:103,1
DA:104,0
DA:106,0
DA:107,0
DA:109,0
DA:112,0
DA:117,0
DA:122,0
DA:124,0
DA:126,0
DA:147,0
DA:148,0
DA:150,0
DA:152,0
DA:153,0
DA:156,0
DA:160,0
DA:181,0
DA:185,0
DA:189,0
DA:190,0
DA:191,0
DA:194,0
DA:196,0
DA:200,0
DA:201,0
DA:202,0
DA:204,0
DA:205,0
DA:206,0
DA:207,0
DA:210,0
DA:211,0
DA:212,0
DA:214,0
DA:218,0
DA:219,0
DA:220,0
DA:221,0
DA:222,0
DA:223,0
DA:226,0
DA:230,0
DA:232,0
DA:236,0
DA:238,0
DA:242,0
DA:244,0
DA:248,0
DA:249,0
DA:251,0
DA:252,0
DA:253,0
DA:254,0
DA:255,0
DA:256,0
DA:259,0
DA:263,0
DA:264,0
DA:265,0
DA:266,0
DA:267,0
DA:269,0
DA:273,0
DA:274,0
DA:278,0
DA:279,0
DA:280,0
DA:284,0
DA:285,0
DA:286,0
DA:287,0
DA:288,0
DA:289,0
DA:291,0
DA:294,0
DA:298,0
DA:302,0
DA:306,0
DA:310,0
DA:311,0
DA:312,0
DA:315,0
DA:319,0
DA:321,0
DA:323,0
DA:327,0
DA:328,0
DA:331,0
DA:335,0
DA:339,0
DA:340,0
DA:341,0
DA:342,0
DA:343,0
DA:344,0
DA:345,0
DA:349,0
DA:353,0
DA:354,0
DA:355,0
DA:356,0
DA:357,0
DA:358,0
DA:359,0
DA:360,0
DA:364,0
DA:368,0
DA:369,0
DA:370,0
DA:371,0
DA:372,0
DA:373,0
DA:374,0
DA:376,0
DA:379,0
DA:383,0
DA:384,0
DA:385,0
DA:386,0
DA:390,0
DA:394,0
DA:395,0
DA:399,0
DA:400,0
DA:401,0
DA:402,0
DA:404,0
DA:405,0
DA:406,0
DA:407,0
DA:408,0
DA:409,0
DA:411,0
DA:413,0
DA:416,0
DA:420,0
DA:421,0
DA:422,0
DA:423,0
DA:424,0
DA:426,0
DA:427,0
DA:430,0
DA:431,0
DA:432,0
DA:433,0
DA:434,0
DA:436,0
DA:437,0
DA:438,0
DA:440,0
DA:441,0
DA:442,0
DA:443,0
DA:444,0
DA:446,0
DA:449,0
DA:453,0
DA:455,0
DA:456,0
DA:457,0
DA:458,0
DA:461,0
DA:465,0
DA:467,0
DA:468,0
DA:471,0
DA:472,0
DA:473,0
DA:474,0
DA:476,0
DA:482,0
DA:486,0
DA:490,0
DA:494,0
DA:495,0
DA:496,0
DA:498,0
DA:502,0
DA:503,0
DA:504,0
DA:505,0
DA:506,0
DA:507,0
DA:508,0
DA:509,0
DA:510,0
DA:511,0
DA:513,0
DA:517,0
DA:518,0
DA:519,0
DA:520,0
DA:521,0
DA:522,0
DA:523,0
DA:524,0
DA:525,0
DA:526,0
DA:528,0
DA:532,0
DA:533,0
DA:534,0
DA:535,0
DA:536,0
DA:537,0
DA:539,0
DA:540,0
DA:541,0
DA:542,0
DA:543,0
DA:544,0
DA:545,0
DA:547,0
DA:548,0
DA:551,0
DA:552,0
DA:553,0
DA:554,0
DA:555,0
DA:556,0
DA:558,0
DA:559,0
DA:560,0
DA:561,0
DA:562,0
DA:563,0
DA:564,0
DA:566,0
DA:569,0
DA:571,0
DA:575,0
DA:576,0
DA:577,0
DA:578,0
DA:579,0
DA:580,0
DA:581,0
DA:582,0
DA:583,0
DA:585,0
DA:589,0
DA:591,0
DA:592,0
DA:593,0
DA:598,0
DA:599,0
DA:600,0
DA:601,0
DA:602,0
DA:603,0
DA:607,0
DA:608,0
DA:612,0
DA:613,0
DA:614,0
DA:615,0
DA:616,0
LF:310
LH:24
BRDA:48,0,0,0
BRDA:48,0,1,0
BRDA:48,1,0,0
BRDA:48,1,1,0
BRDA:56,2,0,0
BRDA:56,2,1,0
BRDA:65,3,0,0
BRDA:65,3,1,0
BRDA:65,4,0,0
BRDA:65,4,1,0
BRDA:73,5,0,0
BRDA:73,5,1,0
BRDA:94,6,0,2
BRDA:94,6,1,1
BRDA:97,7,0,1
BRDA:97,7,1,0
BRDA:100,8,0,0
BRDA:100,8,1,1
BRDA:103,9,0,1
BRDA:103,9,1,0
BRDA:104,10,0,0
BRDA:104,10,1,0
BRDA:106,11,0,0
BRDA:106,11,1,0
BRDA:106,12,0,0
BRDA:106,12,1,0
BRDA:124,13,0,0
BRDA:124,13,1,0
BRDA:131,14,0,0
BRDA:131,14,1,0
BRDA:132,15,0,0
BRDA:132,15,1,0
BRDA:133,16,0,0
BRDA:133,16,1,0
BRDA:138,17,0,0
BRDA:138,17,1,0
BRDA:148,18,0,0
BRDA:148,18,1,0
BRDA:152,19,0,0
BRDA:152,19,1,0
BRDA:191,20,0,0
BRDA:191,20,1,0
BRDA:191,21,0,0
BRDA:191,21,1,0
BRDA:199,22,0,0
BRDA:204,23,0,0
BRDA:204,23,1,0
BRDA:204,24,0,0
BRDA:204,24,1,0
BRDA:204,24,2,0
BRDA:222,25,0,0
BRDA:222,25,1,0
BRDA:248,26,0,0
BRDA:248,26,1,0
BRDA:248,27,0,0
BRDA:248,27,1,0
BRDA:254,28,0,0
BRDA:254,28,1,0
BRDA:273,29,0,0
BRDA:273,29,1,0
BRDA:278,30,0,0
BRDA:278,30,1,0
BRDA:284,31,0,0
BRDA:284,31,1,0
BRDA:289,32,0,0
BRDA:289,32,1,0
BRDA:298,33,0,0
BRDA:298,33,1,0
BRDA:298,33,2,0
BRDA:302,34,0,0
BRDA:302,34,1,0
BRDA:321,35,0,0
BRDA:321,35,1,0
BRDA:327,36,0,0
BRDA:327,36,1,0
BRDA:343,37,0,0
BRDA:343,37,1,0
BRDA:355,38,0,0
BRDA:355,38,1,0
BRDA:355,39,0,0
BRDA:355,39,1,0
BRDA:358,40,0,0
BRDA:358,40,1,0
BRDA:370,41,0,0
BRDA:370,41,1,0
BRDA:372,42,0,0
BRDA:372,42,1,0
BRDA:382,43,0,0
BRDA:382,44,0,0
BRDA:382,45,0,0
BRDA:385,46,0,0
BRDA:385,46,1,0
BRDA:385,47,0,0
BRDA:385,47,1,0
BRDA:393,48,0,0
BRDA:393,49,0,0
BRDA:394,50,0,0
BRDA:394,50,1,0
BRDA:408,51,0,0
BRDA:408,51,1,0
BRDA:419,52,0,0
BRDA:419,53,0,0
BRDA:419,54,0,0
BRDA:426,55,0,0
BRDA:426,55,1,0
BRDA:430,56,0,0
BRDA:430,56,1,0
BRDA:430,56,2,0
BRDA:432,57,0,0
BRDA:432,57,1,0
BRDA:433,58,0,0
BRDA:433,58,1,0
BRDA:436,59,0,0
BRDA:436,59,1,0
BRDA:467,60,0,0
BRDA:467,60,1,0
BRDA:467,61,0,0
BRDA:467,61,1,0
BRDA:473,62,0,0
BRDA:473,62,1,0
BRDA:493,63,0,0
BRDA:494,64,0,0
BRDA:494,64,1,0
BRDA:495,65,0,0
BRDA:495,65,1,0
BRDA:496,66,0,0
BRDA:496,66,1,0
BRDA:498,67,0,0
BRDA:498,67,1,0
BRDA:502,68,0,0
BRDA:502,68,1,0
BRDA:506,69,0,0
BRDA:506,69,1,0
BRDA:517,70,0,0
BRDA:517,70,1,0
BRDA:521,71,0,0
BRDA:521,71,1,0
BRDA:534,72,0,0
BRDA:534,72,1,0
BRDA:536,73,0,0
BRDA:536,73,1,0
BRDA:542,74,0,0
BRDA:542,74,1,0
BRDA:544,75,0,0
BRDA:544,75,1,0
BRDA:552,76,0,0
BRDA:552,76,1,0
BRDA:555,77,0,0
BRDA:555,77,1,0
BRDA:560,78,0,0
BRDA:560,78,1,0
BRDA:563,79,0,0
BRDA:563,79,1,0
BRDA:576,80,0,0
BRDA:576,80,1,0
BRDA:580,81,0,0
BRDA:580,81,1,0
BRDA:592,82,0,0
BRDA:592,82,1,0
BRF:159
BRH:5
end_of_record
TN:
SF:/Users/denjell/git/quasar-ui-qcalendar/ui/src/utils/views.js
FN:1,validateView
FNF:1
FNH:0
FNDA:0,validateView
DA:2,0
LF:1
LH:0
BRF:0
BRH:0
end_of_record
